10:59:03.361 [ApplicationImpl pooled thread 8] INFO  c.b.l.BrowserStackRunExtension - testng
10:59:03.361 [ApplicationImpl pooled thread 8] INFO  com.browserstack.utils.Helpers - null
10:59:03.377 [ApplicationImpl pooled thread 8] INFO  c.b.l.BrowserStackRunExtension - Agent path: null
11:00:17.172 [ApplicationImpl pooled thread 8] INFO  c.b.l.BrowserStackRunExtension - testng
11:00:17.172 [ApplicationImpl pooled thread 8] INFO  com.browserstack.utils.Helpers - null
11:00:17.173 [ApplicationImpl pooled thread 8] INFO  c.b.l.BrowserStackRunExtension - Agent path: null
11:47:29.784 [ApplicationImpl pooled thread 43] INFO  c.b.l.BrowserStackRunExtension - testng
11:47:29.784 [ApplicationImpl pooled thread 43] INFO  com.browserstack.utils.Helpers - null
11:47:29.784 [ApplicationImpl pooled thread 43] INFO  c.b.l.BrowserStackRunExtension - Agent path: null
11:49:23.881 [ApplicationImpl pooled thread 36] INFO  c.b.l.BrowserStackRunExtension - testng
11:49:23.882 [ApplicationImpl pooled thread 36] INFO  com.browserstack.utils.Helpers - null
11:49:23.882 [ApplicationImpl pooled thread 36] INFO  c.b.l.BrowserStackRunExtension - Agent path: null
12:10:43.146 [ApplicationImpl pooled thread 54] INFO  c.b.l.BrowserStackRunExtension - testng
12:10:43.146 [ApplicationImpl pooled thread 54] INFO  com.browserstack.utils.Helpers - null
12:10:43.146 [ApplicationImpl pooled thread 54] INFO  c.b.l.BrowserStackRunExtension - Agent path: null
12:31:44.144 [ApplicationImpl pooled thread 69] INFO  c.b.l.BrowserStackRunExtension - testng
12:31:44.144 [ApplicationImpl pooled thread 69] INFO  com.browserstack.utils.Helpers - null
12:31:44.144 [ApplicationImpl pooled thread 69] INFO  c.b.l.BrowserStackRunExtension - Agent path: null
12:32:02.286 [ApplicationImpl pooled thread 70] INFO  c.b.l.BrowserStackRunExtension - testng
12:32:02.286 [ApplicationImpl pooled thread 70] INFO  com.browserstack.utils.Helpers - null
12:32:02.301 [ApplicationImpl pooled thread 70] INFO  c.b.l.BrowserStackRunExtension - Agent path: null
12:32:25.573 [ApplicationImpl pooled thread 71] INFO  c.b.l.BrowserStackRunExtension - testng
12:32:25.573 [ApplicationImpl pooled thread 71] INFO  com.browserstack.utils.Helpers - null
12:32:25.573 [ApplicationImpl pooled thread 71] INFO  c.b.l.BrowserStackRunExtension - Agent path: null
12:51:18.388 [ApplicationImpl pooled thread 76] INFO  c.b.l.BrowserStackRunExtension - testng
12:51:18.388 [ApplicationImpl pooled thread 76] INFO  com.browserstack.utils.Helpers - null
12:51:18.389 [ApplicationImpl pooled thread 76] INFO  c.b.l.BrowserStackRunExtension - Agent path: null
13:00:34.660 [ApplicationImpl pooled thread 90] INFO  c.b.l.BrowserStackRunExtension - testng
13:00:34.660 [ApplicationImpl pooled thread 90] INFO  com.browserstack.utils.Helpers - null
13:00:34.660 [ApplicationImpl pooled thread 90] INFO  c.b.l.BrowserStackRunExtension - Agent path: null
13:00:56.095 [ApplicationImpl pooled thread 91] INFO  c.b.l.BrowserStackRunExtension - testng
13:00:56.095 [ApplicationImpl pooled thread 91] INFO  com.browserstack.utils.Helpers - null
13:00:56.095 [ApplicationImpl pooled thread 91] INFO  c.b.l.BrowserStackRunExtension - Agent path: null
13:10:30.758 [ApplicationImpl pooled thread 94] INFO  c.b.l.BrowserStackRunExtension - testng
13:10:30.758 [ApplicationImpl pooled thread 94] INFO  com.browserstack.utils.Helpers - null
13:10:30.758 [ApplicationImpl pooled thread 94] INFO  c.b.l.BrowserStackRunExtension - Agent path: null
13:12:09.657 [ApplicationImpl pooled thread 97] INFO  c.b.l.BrowserStackRunExtension - testng
13:12:09.657 [ApplicationImpl pooled thread 97] INFO  com.browserstack.utils.Helpers - null
13:12:09.657 [ApplicationImpl pooled thread 97] INFO  c.b.l.BrowserStackRunExtension - Agent path: null
13:14:24.065 [ApplicationImpl pooled thread 111] INFO  c.b.l.BrowserStackRunExtension - testng
13:14:24.065 [ApplicationImpl pooled thread 111] INFO  com.browserstack.utils.Helpers - null
13:14:24.066 [ApplicationImpl pooled thread 111] INFO  c.b.l.BrowserStackRunExtension - Agent path: null
20:47:39.723 [ApplicationImpl pooled thread 111] INFO  c.b.l.BrowserStackRunExtension - testng
20:47:39.723 [ApplicationImpl pooled thread 111] INFO  com.browserstack.utils.Helpers - null
20:47:39.723 [ApplicationImpl pooled thread 111] INFO  c.b.l.BrowserStackRunExtension - Agent path: null
20:58:30.108 [ApplicationImpl pooled thread 111] INFO  c.b.l.BrowserStackRunExtension - testng
20:58:30.108 [ApplicationImpl pooled thread 111] INFO  com.browserstack.utils.Helpers - null
20:58:30.108 [ApplicationImpl pooled thread 111] INFO  c.b.l.BrowserStackRunExtension - Agent path: null
21:19:39.060 [ApplicationImpl pooled thread 130] INFO  c.b.l.BrowserStackRunExtension - testng
21:19:39.061 [ApplicationImpl pooled thread 130] INFO  com.browserstack.utils.Helpers - null
21:19:39.061 [ApplicationImpl pooled thread 130] INFO  c.b.l.BrowserStackRunExtension - Agent path: null
21:42:44.016 [ApplicationImpl pooled thread 149] INFO  c.b.l.BrowserStackRunExtension - testng
21:42:44.016 [ApplicationImpl pooled thread 149] INFO  com.browserstack.utils.Helpers - null
21:42:44.017 [ApplicationImpl pooled thread 149] INFO  c.b.l.BrowserStackRunExtension - Agent path: null
21:50:43.113 [ApplicationImpl pooled thread 157] INFO  c.b.l.BrowserStackRunExtension - testng
21:50:43.114 [ApplicationImpl pooled thread 157] INFO  com.browserstack.utils.Helpers - null
21:50:43.114 [ApplicationImpl pooled thread 157] INFO  c.b.l.BrowserStackRunExtension - Agent path: null
21:57:05.505 [ApplicationImpl pooled thread 160] INFO  c.b.l.BrowserStackRunExtension - testng
21:57:05.505 [ApplicationImpl pooled thread 160] INFO  com.browserstack.utils.Helpers - null
21:57:05.505 [ApplicationImpl pooled thread 160] INFO  c.b.l.BrowserStackRunExtension - Agent path: null
22:05:49.863 [ApplicationImpl pooled thread 160] INFO  c.b.l.BrowserStackRunExtension - testng
22:05:49.863 [ApplicationImpl pooled thread 160] INFO  com.browserstack.utils.Helpers - null
22:05:49.863 [ApplicationImpl pooled thread 160] INFO  c.b.l.BrowserStackRunExtension - Agent path: null
22:09:11.689 [ApplicationImpl pooled thread 167] INFO  c.b.l.BrowserStackRunExtension - testng
22:09:11.689 [ApplicationImpl pooled thread 167] INFO  com.browserstack.utils.Helpers - null
22:09:11.689 [ApplicationImpl pooled thread 167] INFO  c.b.l.BrowserStackRunExtension - Agent path: null
22:10:14.801 [ApplicationImpl pooled thread 170] INFO  c.b.l.BrowserStackRunExtension - testng
22:10:14.801 [ApplicationImpl pooled thread 170] INFO  com.browserstack.utils.Helpers - null
22:10:14.810 [ApplicationImpl pooled thread 170] INFO  c.b.l.BrowserStackRunExtension - Agent path: null
22:10:37.092 [ApplicationImpl pooled thread 170] INFO  c.b.l.BrowserStackRunExtension - testng
22:10:37.092 [ApplicationImpl pooled thread 170] INFO  com.browserstack.utils.Helpers - null
22:10:37.108 [ApplicationImpl pooled thread 170] INFO  c.b.l.BrowserStackRunExtension - Agent path: null
22:11:21.617 [ApplicationImpl pooled thread 172] INFO  c.b.l.BrowserStackRunExtension - testng
22:11:21.617 [ApplicationImpl pooled thread 172] INFO  com.browserstack.utils.Helpers - null
22:11:21.632 [ApplicationImpl pooled thread 172] INFO  c.b.l.BrowserStackRunExtension - Agent path: null
22:13:51.826 [ApplicationImpl pooled thread 171] INFO  c.b.l.BrowserStackRunExtension - testng
22:13:51.826 [ApplicationImpl pooled thread 171] INFO  com.browserstack.utils.Helpers - null
22:13:51.826 [ApplicationImpl pooled thread 171] INFO  c.b.l.BrowserStackRunExtension - Agent path: null
22:25:47.583 [ApplicationImpl pooled thread 184] INFO  c.b.l.BrowserStackRunExtension - testng
22:25:47.584 [ApplicationImpl pooled thread 184] INFO  com.browserstack.utils.Helpers - null
22:25:47.584 [ApplicationImpl pooled thread 184] INFO  c.b.l.BrowserStackRunExtension - Agent path: null
22:33:14.313 [ApplicationImpl pooled thread 187] INFO  c.b.l.BrowserStackRunExtension - testng
22:33:14.314 [ApplicationImpl pooled thread 187] INFO  com.browserstack.utils.Helpers - null
22:33:14.314 [ApplicationImpl pooled thread 187] INFO  c.b.l.BrowserStackRunExtension - Agent path: null
22:33:58.756 [ApplicationImpl pooled thread 186] INFO  c.b.l.BrowserStackRunExtension - testng
22:33:58.756 [ApplicationImpl pooled thread 186] INFO  com.browserstack.utils.Helpers - null
22:33:58.771 [ApplicationImpl pooled thread 186] INFO  c.b.l.BrowserStackRunExtension - Agent path: null
22:35:28.548 [ApplicationImpl pooled thread 191] INFO  c.b.l.BrowserStackRunExtension - testng
22:35:28.548 [ApplicationImpl pooled thread 191] INFO  com.browserstack.utils.Helpers - null
22:35:28.548 [ApplicationImpl pooled thread 191] INFO  c.b.l.BrowserStackRunExtension - Agent path: null
22:41:04.917 [ApplicationImpl pooled thread 195] INFO  c.b.l.BrowserStackRunExtension - testng
22:41:04.917 [ApplicationImpl pooled thread 195] INFO  com.browserstack.utils.Helpers - null
22:41:04.917 [ApplicationImpl pooled thread 195] INFO  c.b.l.BrowserStackRunExtension - Agent path: null
22:43:54.977 [ApplicationImpl pooled thread 200] INFO  c.b.l.BrowserStackRunExtension - testng
22:43:54.977 [ApplicationImpl pooled thread 200] INFO  com.browserstack.utils.Helpers - null
22:43:54.977 [ApplicationImpl pooled thread 200] INFO  c.b.l.BrowserStackRunExtension - Agent path: null
22:45:18.428 [ApplicationImpl pooled thread 191] INFO  c.b.l.BrowserStackRunExtension - testng
22:45:18.428 [ApplicationImpl pooled thread 191] INFO  com.browserstack.utils.Helpers - null
22:45:18.429 [ApplicationImpl pooled thread 191] INFO  c.b.l.BrowserStackRunExtension - Agent path: null
12:08:05.167 [ApplicationImpl pooled thread 28] INFO  c.b.l.BrowserStackRunExtension - testng
12:08:05.169 [ApplicationImpl pooled thread 28] INFO  com.browserstack.utils.Helpers - null
12:08:05.171 [ApplicationImpl pooled thread 28] INFO  c.b.l.BrowserStackRunExtension - Agent path: null
12:08:31.408 [ApplicationImpl pooled thread 18] INFO  c.b.l.BrowserStackRunExtension - testng
12:08:31.409 [ApplicationImpl pooled thread 18] INFO  com.browserstack.utils.Helpers - null
12:08:31.410 [ApplicationImpl pooled thread 18] INFO  c.b.l.BrowserStackRunExtension - Agent path: null
12:09:21.497 [ApplicationImpl pooled thread 31] INFO  c.b.l.BrowserStackRunExtension - testng
12:09:21.497 [ApplicationImpl pooled thread 31] INFO  com.browserstack.utils.Helpers - null
12:09:21.506 [ApplicationImpl pooled thread 31] INFO  c.b.l.BrowserStackRunExtension - Agent path: null
12:09:58.610 [ApplicationImpl pooled thread 31] INFO  c.b.l.BrowserStackRunExtension - testng
12:09:58.610 [ApplicationImpl pooled thread 31] INFO  com.browserstack.utils.Helpers - null
12:09:58.611 [ApplicationImpl pooled thread 31] INFO  c.b.l.BrowserStackRunExtension - Agent path: null
16:20:46.073 [ApplicationImpl pooled thread 90] INFO  c.b.l.BrowserStackRunExtension - testng
16:20:46.073 [ApplicationImpl pooled thread 90] INFO  com.browserstack.utils.Helpers - null
16:20:46.073 [ApplicationImpl pooled thread 90] INFO  c.b.l.BrowserStackRunExtension - Agent path: null
16:21:37.191 [ApplicationImpl pooled thread 88] INFO  c.b.l.BrowserStackRunExtension - testng
16:21:37.191 [ApplicationImpl pooled thread 88] INFO  com.browserstack.utils.Helpers - null
16:21:37.191 [ApplicationImpl pooled thread 88] INFO  c.b.l.BrowserStackRunExtension - Agent path: null
16:22:31.843 [ApplicationImpl pooled thread 91] INFO  c.b.l.BrowserStackRunExtension - testng
16:22:31.843 [ApplicationImpl pooled thread 91] INFO  com.browserstack.utils.Helpers - null
16:22:31.844 [ApplicationImpl pooled thread 91] INFO  c.b.l.BrowserStackRunExtension - Agent path: null
16:23:43.466 [ApplicationImpl pooled thread 95] INFO  c.b.l.BrowserStackRunExtension - testng
16:23:43.467 [ApplicationImpl pooled thread 95] INFO  com.browserstack.utils.Helpers - null
16:23:43.467 [ApplicationImpl pooled thread 95] INFO  c.b.l.BrowserStackRunExtension - Agent path: null
16:27:35.492 [ApplicationImpl pooled thread 90] INFO  c.b.l.BrowserStackRunExtension - testng
16:27:35.492 [ApplicationImpl pooled thread 90] INFO  com.browserstack.utils.Helpers - null
16:27:35.492 [ApplicationImpl pooled thread 90] INFO  c.b.l.BrowserStackRunExtension - Agent path: null
16:31:07.160 [ApplicationImpl pooled thread 103] INFO  c.b.l.BrowserStackRunExtension - testng
16:31:07.160 [ApplicationImpl pooled thread 103] INFO  com.browserstack.utils.Helpers - null
16:31:07.160 [ApplicationImpl pooled thread 103] INFO  c.b.l.BrowserStackRunExtension - Agent path: null
16:35:25.347 [ApplicationImpl pooled thread 103] INFO  c.b.l.BrowserStackRunExtension - testng
16:35:25.347 [ApplicationImpl pooled thread 103] INFO  com.browserstack.utils.Helpers - null
16:35:25.362 [ApplicationImpl pooled thread 103] INFO  c.b.l.BrowserStackRunExtension - Agent path: null
16:36:24.751 [ApplicationImpl pooled thread 105] INFO  c.b.l.BrowserStackRunExtension - testng
16:36:24.752 [ApplicationImpl pooled thread 105] INFO  com.browserstack.utils.Helpers - null
16:36:24.752 [ApplicationImpl pooled thread 105] INFO  c.b.l.BrowserStackRunExtension - Agent path: null
16:58:23.889 [ApplicationImpl pooled thread 111] INFO  c.b.l.BrowserStackRunExtension - testng
16:58:23.889 [ApplicationImpl pooled thread 111] INFO  com.browserstack.utils.Helpers - null
16:58:23.905 [ApplicationImpl pooled thread 111] INFO  c.b.l.BrowserStackRunExtension - Agent path: null
16:59:59.489 [ApplicationImpl pooled thread 118] INFO  c.b.l.BrowserStackRunExtension - testng
16:59:59.489 [ApplicationImpl pooled thread 118] INFO  com.browserstack.utils.Helpers - null
16:59:59.494 [ApplicationImpl pooled thread 118] INFO  c.b.l.BrowserStackRunExtension - Agent path: null
17:01:18.102 [ApplicationImpl pooled thread 118] INFO  c.b.l.BrowserStackRunExtension - testng
17:01:18.102 [ApplicationImpl pooled thread 118] INFO  com.browserstack.utils.Helpers - null
17:01:18.102 [ApplicationImpl pooled thread 118] INFO  c.b.l.BrowserStackRunExtension - Agent path: null
15:33:00.181 [ApplicationImpl pooled thread 246] INFO  c.b.l.BrowserStackRunExtension - testng
15:33:00.181 [ApplicationImpl pooled thread 246] INFO  com.browserstack.utils.Helpers - null
15:33:00.181 [ApplicationImpl pooled thread 246] INFO  c.b.l.BrowserStackRunExtension - Agent path: null
15:34:03.711 [ApplicationImpl pooled thread 257] INFO  c.b.l.BrowserStackRunExtension - testng
15:34:03.711 [ApplicationImpl pooled thread 257] INFO  com.browserstack.utils.Helpers - null
15:34:03.712 [ApplicationImpl pooled thread 257] INFO  c.b.l.BrowserStackRunExtension - Agent path: null
15:34:36.534 [ApplicationImpl pooled thread 257] INFO  c.b.l.BrowserStackRunExtension - testng
15:34:36.534 [ApplicationImpl pooled thread 257] INFO  com.browserstack.utils.Helpers - null
15:34:36.540 [ApplicationImpl pooled thread 257] INFO  c.b.l.BrowserStackRunExtension - Agent path: null
15:47:22.488 [ApplicationImpl pooled thread 263] INFO  c.b.l.BrowserStackRunExtension - testng
15:47:22.488 [ApplicationImpl pooled thread 263] INFO  com.browserstack.utils.Helpers - null
15:47:22.493 [ApplicationImpl pooled thread 263] INFO  c.b.l.BrowserStackRunExtension - Agent path: null
15:52:43.858 [ApplicationImpl pooled thread 266] INFO  c.b.l.BrowserStackRunExtension - testng
15:52:43.858 [ApplicationImpl pooled thread 266] INFO  com.browserstack.utils.Helpers - null
15:52:43.858 [ApplicationImpl pooled thread 266] INFO  c.b.l.BrowserStackRunExtension - Agent path: null
15:53:22.020 [ApplicationImpl pooled thread 268] INFO  c.b.l.BrowserStackRunExtension - testng
15:53:22.020 [ApplicationImpl pooled thread 268] INFO  com.browserstack.utils.Helpers - null
15:53:22.036 [ApplicationImpl pooled thread 268] INFO  c.b.l.BrowserStackRunExtension - Agent path: null
15:57:21.072 [ApplicationImpl pooled thread 269] INFO  c.b.l.BrowserStackRunExtension - testng
15:57:21.072 [ApplicationImpl pooled thread 269] INFO  com.browserstack.utils.Helpers - null
15:57:21.079 [ApplicationImpl pooled thread 269] INFO  c.b.l.BrowserStackRunExtension - Agent path: null
15:57:42.142 [ApplicationImpl pooled thread 269] INFO  c.b.l.BrowserStackRunExtension - testng
15:57:42.142 [ApplicationImpl pooled thread 269] INFO  com.browserstack.utils.Helpers - null
15:57:42.157 [ApplicationImpl pooled thread 269] INFO  c.b.l.BrowserStackRunExtension - Agent path: null
16:00:50.130 [ApplicationImpl pooled thread 273] INFO  c.b.l.BrowserStackRunExtension - testng
16:00:50.130 [ApplicationImpl pooled thread 273] INFO  com.browserstack.utils.Helpers - null
16:00:50.132 [ApplicationImpl pooled thread 273] INFO  c.b.l.BrowserStackRunExtension - Agent path: null
16:01:08.683 [ApplicationImpl pooled thread 273] INFO  c.b.l.BrowserStackRunExtension - testng
16:01:08.683 [ApplicationImpl pooled thread 273] INFO  com.browserstack.utils.Helpers - null
16:01:08.699 [ApplicationImpl pooled thread 273] INFO  c.b.l.BrowserStackRunExtension - Agent path: null
16:06:59.944 [ApplicationImpl pooled thread 276] INFO  c.b.l.BrowserStackRunExtension - testng
16:06:59.944 [ApplicationImpl pooled thread 276] INFO  com.browserstack.utils.Helpers - null
16:06:59.944 [ApplicationImpl pooled thread 276] INFO  c.b.l.BrowserStackRunExtension - Agent path: null
16:09:17.132 [ApplicationImpl pooled thread 276] INFO  c.b.l.BrowserStackRunExtension - testng
16:09:17.132 [ApplicationImpl pooled thread 276] INFO  com.browserstack.utils.Helpers - null
16:09:17.135 [ApplicationImpl pooled thread 276] INFO  c.b.l.BrowserStackRunExtension - Agent path: null
16:10:06.558 [ApplicationImpl pooled thread 273] INFO  c.b.l.BrowserStackRunExtension - testng
16:10:06.558 [ApplicationImpl pooled thread 273] INFO  com.browserstack.utils.Helpers - null
16:10:06.573 [ApplicationImpl pooled thread 273] INFO  c.b.l.BrowserStackRunExtension - Agent path: null
16:19:16.905 [ApplicationImpl pooled thread 281] INFO  c.b.l.BrowserStackRunExtension - testng
16:19:16.905 [ApplicationImpl pooled thread 281] INFO  com.browserstack.utils.Helpers - null
16:19:16.906 [ApplicationImpl pooled thread 281] INFO  c.b.l.BrowserStackRunExtension - Agent path: null
16:20:02.325 [ApplicationImpl pooled thread 284] INFO  c.b.l.BrowserStackRunExtension - testng
16:20:02.325 [ApplicationImpl pooled thread 284] INFO  com.browserstack.utils.Helpers - null
16:20:02.337 [ApplicationImpl pooled thread 284] INFO  c.b.l.BrowserStackRunExtension - Agent path: null
16:26:10.880 [ApplicationImpl pooled thread 288] INFO  c.b.l.BrowserStackRunExtension - testng
16:26:10.880 [ApplicationImpl pooled thread 288] INFO  com.browserstack.utils.Helpers - null
16:26:10.891 [ApplicationImpl pooled thread 288] INFO  c.b.l.BrowserStackRunExtension - Agent path: null
16:28:05.444 [ApplicationImpl pooled thread 283] INFO  c.b.l.BrowserStackRunExtension - testng
16:28:05.444 [ApplicationImpl pooled thread 283] INFO  com.browserstack.utils.Helpers - null
16:28:05.444 [ApplicationImpl pooled thread 283] INFO  c.b.l.BrowserStackRunExtension - Agent path: null
16:29:55.294 [ApplicationImpl pooled thread 283] INFO  c.b.l.BrowserStackRunExtension - testng
16:29:55.294 [ApplicationImpl pooled thread 283] INFO  com.browserstack.utils.Helpers - null
16:29:55.296 [ApplicationImpl pooled thread 283] INFO  c.b.l.BrowserStackRunExtension - Agent path: null
16:31:52.951 [ApplicationImpl pooled thread 294] INFO  c.b.l.BrowserStackRunExtension - testng
16:31:52.951 [ApplicationImpl pooled thread 294] INFO  com.browserstack.utils.Helpers - null
16:31:52.952 [ApplicationImpl pooled thread 294] INFO  c.b.l.BrowserStackRunExtension - Agent path: null
16:32:11.054 [ApplicationImpl pooled thread 294] INFO  c.b.l.BrowserStackRunExtension - testng
16:32:11.054 [ApplicationImpl pooled thread 294] INFO  com.browserstack.utils.Helpers - null
16:32:11.064 [ApplicationImpl pooled thread 294] INFO  c.b.l.BrowserStackRunExtension - Agent path: null
20:04:07.197 [ApplicationImpl pooled thread 306] INFO  c.b.l.BrowserStackRunExtension - testng
20:04:07.197 [ApplicationImpl pooled thread 306] INFO  com.browserstack.utils.Helpers - null
20:04:07.197 [ApplicationImpl pooled thread 306] INFO  c.b.l.BrowserStackRunExtension - Agent path: null
20:23:54.521 [ApplicationImpl pooled thread 309] INFO  c.b.l.BrowserStackRunExtension - testng
20:23:54.521 [ApplicationImpl pooled thread 309] INFO  com.browserstack.utils.Helpers - null
20:23:54.521 [ApplicationImpl pooled thread 309] INFO  c.b.l.BrowserStackRunExtension - Agent path: null
20:28:04.006 [ApplicationImpl pooled thread 309] INFO  c.b.l.BrowserStackRunExtension - testng
20:28:04.006 [ApplicationImpl pooled thread 309] INFO  com.browserstack.utils.Helpers - null
20:28:04.022 [ApplicationImpl pooled thread 309] INFO  c.b.l.BrowserStackRunExtension - Agent path: null
20:28:26.277 [ApplicationImpl pooled thread 320] INFO  c.b.l.BrowserStackRunExtension - testng
20:28:26.277 [ApplicationImpl pooled thread 320] INFO  com.browserstack.utils.Helpers - null
20:28:26.292 [ApplicationImpl pooled thread 320] INFO  c.b.l.BrowserStackRunExtension - Agent path: null
20:33:58.687 [ApplicationImpl pooled thread 320] INFO  c.b.l.BrowserStackRunExtension - testng
20:33:58.687 [ApplicationImpl pooled thread 320] INFO  com.browserstack.utils.Helpers - null
20:33:58.687 [ApplicationImpl pooled thread 320] INFO  c.b.l.BrowserStackRunExtension - Agent path: null
20:34:45.700 [ApplicationImpl pooled thread 327] INFO  c.b.l.BrowserStackRunExtension - testng
20:34:45.700 [ApplicationImpl pooled thread 327] INFO  com.browserstack.utils.Helpers - null
20:34:45.710 [ApplicationImpl pooled thread 327] INFO  c.b.l.BrowserStackRunExtension - Agent path: null
20:45:23.397 [ApplicationImpl pooled thread 331] INFO  c.b.l.BrowserStackRunExtension - testng
20:45:23.397 [ApplicationImpl pooled thread 331] INFO  com.browserstack.utils.Helpers - null
20:45:23.413 [ApplicationImpl pooled thread 331] INFO  c.b.l.BrowserStackRunExtension - Agent path: null
20:45:35.474 [ApplicationImpl pooled thread 333] INFO  c.b.l.BrowserStackRunExtension - testng
20:45:35.474 [ApplicationImpl pooled thread 333] INFO  com.browserstack.utils.Helpers - null
20:45:35.489 [ApplicationImpl pooled thread 333] INFO  c.b.l.BrowserStackRunExtension - Agent path: null
20:49:49.253 [ApplicationImpl pooled thread 334] INFO  c.b.l.BrowserStackRunExtension - testng
20:49:49.253 [ApplicationImpl pooled thread 334] INFO  com.browserstack.utils.Helpers - null
20:49:49.253 [ApplicationImpl pooled thread 334] INFO  c.b.l.BrowserStackRunExtension - Agent path: null
20:53:29.151 [ApplicationImpl pooled thread 338] INFO  c.b.l.BrowserStackRunExtension - testng
20:53:29.151 [ApplicationImpl pooled thread 338] INFO  com.browserstack.utils.Helpers - null
20:53:29.151 [ApplicationImpl pooled thread 338] INFO  c.b.l.BrowserStackRunExtension - Agent path: null
20:55:23.017 [ApplicationImpl pooled thread 341] INFO  c.b.l.BrowserStackRunExtension - testng
20:55:23.017 [ApplicationImpl pooled thread 341] INFO  com.browserstack.utils.Helpers - null
20:55:23.021 [ApplicationImpl pooled thread 341] INFO  c.b.l.BrowserStackRunExtension - Agent path: null
21:00:47.909 [ApplicationImpl pooled thread 344] INFO  c.b.l.BrowserStackRunExtension - testng
21:00:47.909 [ApplicationImpl pooled thread 344] INFO  com.browserstack.utils.Helpers - null
21:00:47.909 [ApplicationImpl pooled thread 344] INFO  c.b.l.BrowserStackRunExtension - Agent path: null
21:02:07.731 [ApplicationImpl pooled thread 345] INFO  c.b.l.BrowserStackRunExtension - testng
21:02:07.732 [ApplicationImpl pooled thread 345] INFO  com.browserstack.utils.Helpers - null
21:02:07.741 [ApplicationImpl pooled thread 345] INFO  c.b.l.BrowserStackRunExtension - Agent path: null
21:08:53.846 [ApplicationImpl pooled thread 345] INFO  c.b.l.BrowserStackRunExtension - testng
21:08:53.846 [ApplicationImpl pooled thread 345] INFO  com.browserstack.utils.Helpers - null
21:08:53.862 [ApplicationImpl pooled thread 345] INFO  c.b.l.BrowserStackRunExtension - Agent path: null
21:12:26.741 [ApplicationImpl pooled thread 345] INFO  c.b.l.BrowserStackRunExtension - testng
21:12:26.741 [ApplicationImpl pooled thread 345] INFO  com.browserstack.utils.Helpers - null
21:12:26.757 [ApplicationImpl pooled thread 345] INFO  c.b.l.BrowserStackRunExtension - Agent path: null
21:12:37.294 [ApplicationImpl pooled thread 345] INFO  c.b.l.BrowserStackRunExtension - testng
21:12:37.294 [ApplicationImpl pooled thread 345] INFO  com.browserstack.utils.Helpers - null
21:12:37.310 [ApplicationImpl pooled thread 345] INFO  c.b.l.BrowserStackRunExtension - Agent path: null
21:13:07.535 [ApplicationImpl pooled thread 345] INFO  c.b.l.BrowserStackRunExtension - testng
21:13:07.535 [ApplicationImpl pooled thread 345] INFO  com.browserstack.utils.Helpers - null
21:13:07.550 [ApplicationImpl pooled thread 345] INFO  c.b.l.BrowserStackRunExtension - Agent path: null
21:14:31.453 [ApplicationImpl pooled thread 345] INFO  c.b.l.BrowserStackRunExtension - testng
21:14:31.453 [ApplicationImpl pooled thread 345] INFO  com.browserstack.utils.Helpers - null
21:14:31.464 [ApplicationImpl pooled thread 345] INFO  c.b.l.BrowserStackRunExtension - Agent path: null
21:15:35.016 [ApplicationImpl pooled thread 356] INFO  c.b.l.BrowserStackRunExtension - testng
21:15:35.016 [ApplicationImpl pooled thread 356] INFO  com.browserstack.utils.Helpers - null
21:15:35.016 [ApplicationImpl pooled thread 356] INFO  c.b.l.BrowserStackRunExtension - Agent path: null
21:17:53.124 [ApplicationImpl pooled thread 356] INFO  c.b.l.BrowserStackRunExtension - testng
21:17:53.125 [ApplicationImpl pooled thread 356] INFO  com.browserstack.utils.Helpers - null
21:17:53.133 [ApplicationImpl pooled thread 356] INFO  c.b.l.BrowserStackRunExtension - Agent path: null
21:19:15.893 [ApplicationImpl pooled thread 360] INFO  c.b.l.BrowserStackRunExtension - testng
21:19:15.893 [ApplicationImpl pooled thread 360] INFO  com.browserstack.utils.Helpers - null
21:19:15.903 [ApplicationImpl pooled thread 360] INFO  c.b.l.BrowserStackRunExtension - Agent path: null
21:21:51.559 [ApplicationImpl pooled thread 356] INFO  c.b.l.BrowserStackRunExtension - testng
21:21:51.559 [ApplicationImpl pooled thread 356] INFO  com.browserstack.utils.Helpers - null
21:21:51.559 [ApplicationImpl pooled thread 356] INFO  c.b.l.BrowserStackRunExtension - Agent path: null
21:22:24.006 [ApplicationImpl pooled thread 353] INFO  c.b.l.BrowserStackRunExtension - testng
21:22:24.007 [ApplicationImpl pooled thread 353] INFO  com.browserstack.utils.Helpers - null
21:22:24.007 [ApplicationImpl pooled thread 353] INFO  c.b.l.BrowserStackRunExtension - Agent path: null
21:27:08.211 [ApplicationImpl pooled thread 356] INFO  c.b.l.BrowserStackRunExtension - testng
21:27:08.211 [ApplicationImpl pooled thread 356] INFO  com.browserstack.utils.Helpers - null
21:27:08.211 [ApplicationImpl pooled thread 356] INFO  c.b.l.BrowserStackRunExtension - Agent path: null
21:29:06.328 [ApplicationImpl pooled thread 362] INFO  c.b.l.BrowserStackRunExtension - testng
21:29:06.328 [ApplicationImpl pooled thread 362] INFO  com.browserstack.utils.Helpers - null
21:29:06.344 [ApplicationImpl pooled thread 362] INFO  c.b.l.BrowserStackRunExtension - Agent path: null
21:30:03.421 [ApplicationImpl pooled thread 367] INFO  c.b.l.BrowserStackRunExtension - testng
21:30:03.421 [ApplicationImpl pooled thread 367] INFO  com.browserstack.utils.Helpers - null
21:30:03.421 [ApplicationImpl pooled thread 367] INFO  c.b.l.BrowserStackRunExtension - Agent path: null
21:34:13.687 [ApplicationImpl pooled thread 356] INFO  c.b.l.BrowserStackRunExtension - testng
21:34:13.687 [ApplicationImpl pooled thread 356] INFO  com.browserstack.utils.Helpers - null
21:34:13.687 [ApplicationImpl pooled thread 356] INFO  c.b.l.BrowserStackRunExtension - Agent path: null
21:37:40.246 [ApplicationImpl pooled thread 373] INFO  c.b.l.BrowserStackRunExtension - testng
21:37:40.247 [ApplicationImpl pooled thread 373] INFO  com.browserstack.utils.Helpers - null
21:37:40.251 [ApplicationImpl pooled thread 373] INFO  c.b.l.BrowserStackRunExtension - Agent path: null
21:39:00.885 [ApplicationImpl pooled thread 373] INFO  c.b.l.BrowserStackRunExtension - testng
21:39:00.885 [ApplicationImpl pooled thread 373] INFO  com.browserstack.utils.Helpers - null
21:39:00.885 [ApplicationImpl pooled thread 373] INFO  c.b.l.BrowserStackRunExtension - Agent path: null
21:40:02.713 [ApplicationImpl pooled thread 376] INFO  c.b.l.BrowserStackRunExtension - testng
21:40:02.713 [ApplicationImpl pooled thread 376] INFO  com.browserstack.utils.Helpers - null
21:40:02.713 [ApplicationImpl pooled thread 376] INFO  c.b.l.BrowserStackRunExtension - Agent path: null
21:45:02.238 [ApplicationImpl pooled thread 374] INFO  c.b.l.BrowserStackRunExtension - testng
21:45:02.238 [ApplicationImpl pooled thread 374] INFO  com.browserstack.utils.Helpers - null
21:45:02.238 [ApplicationImpl pooled thread 374] INFO  c.b.l.BrowserStackRunExtension - Agent path: null
09:05:28.626 [ApplicationImpl pooled thread 394] INFO  c.b.l.BrowserStackRunExtension - testng
09:05:28.626 [ApplicationImpl pooled thread 394] INFO  com.browserstack.utils.Helpers - null
09:05:28.626 [ApplicationImpl pooled thread 394] INFO  c.b.l.BrowserStackRunExtension - Agent path: null
09:05:53.978 [ApplicationImpl pooled thread 394] INFO  c.b.l.BrowserStackRunExtension - testng
09:05:53.978 [ApplicationImpl pooled thread 394] INFO  com.browserstack.utils.Helpers - null
09:05:53.993 [ApplicationImpl pooled thread 394] INFO  c.b.l.BrowserStackRunExtension - Agent path: null
15:54:19.100 [ApplicationImpl pooled thread 486] INFO  c.b.l.BrowserStackRunExtension - testng
15:54:19.100 [ApplicationImpl pooled thread 486] INFO  com.browserstack.utils.Helpers - null
15:54:19.100 [ApplicationImpl pooled thread 486] INFO  c.b.l.BrowserStackRunExtension - Agent path: null
16:19:47.339 [ApplicationImpl pooled thread 496] INFO  c.b.l.BrowserStackRunExtension - testng
16:19:47.339 [ApplicationImpl pooled thread 496] INFO  com.browserstack.utils.Helpers - null
16:19:47.339 [ApplicationImpl pooled thread 496] INFO  c.b.l.BrowserStackRunExtension - Agent path: null
16:23:37.437 [ApplicationImpl pooled thread 496] INFO  c.b.l.BrowserStackRunExtension - testng
16:23:37.437 [ApplicationImpl pooled thread 496] INFO  com.browserstack.utils.Helpers - null
16:23:37.437 [ApplicationImpl pooled thread 496] INFO  c.b.l.BrowserStackRunExtension - Agent path: null
16:57:05.162 [ApplicationImpl pooled thread 502] INFO  c.b.l.BrowserStackRunExtension - testng
16:57:05.162 [ApplicationImpl pooled thread 502] INFO  com.browserstack.utils.Helpers - null
16:57:05.163 [ApplicationImpl pooled thread 502] INFO  c.b.l.BrowserStackRunExtension - Agent path: null
17:06:35.200 [ApplicationImpl pooled thread 511] INFO  c.b.l.BrowserStackRunExtension - testng
17:06:35.200 [ApplicationImpl pooled thread 511] INFO  com.browserstack.utils.Helpers - null
17:06:35.201 [ApplicationImpl pooled thread 511] INFO  c.b.l.BrowserStackRunExtension - Agent path: null
17:11:44.958 [ApplicationImpl pooled thread 515] INFO  c.b.l.BrowserStackRunExtension - testng
17:11:44.958 [ApplicationImpl pooled thread 515] INFO  com.browserstack.utils.Helpers - null
17:11:44.958 [ApplicationImpl pooled thread 515] INFO  c.b.l.BrowserStackRunExtension - Agent path: null
17:27:42.238 [ApplicationImpl pooled thread 528] INFO  c.b.l.BrowserStackRunExtension - testng
17:27:42.238 [ApplicationImpl pooled thread 528] INFO  com.browserstack.utils.Helpers - null
17:27:42.240 [ApplicationImpl pooled thread 528] INFO  c.b.l.BrowserStackRunExtension - Agent path: null
17:28:32.768 [ApplicationImpl pooled thread 530] INFO  c.b.l.BrowserStackRunExtension - testng
17:28:32.768 [ApplicationImpl pooled thread 530] INFO  com.browserstack.utils.Helpers - null
17:28:32.770 [ApplicationImpl pooled thread 530] INFO  c.b.l.BrowserStackRunExtension - Agent path: null
17:30:47.622 [ApplicationImpl pooled thread 541] INFO  c.b.l.BrowserStackRunExtension - testng
17:30:47.622 [ApplicationImpl pooled thread 541] INFO  com.browserstack.utils.Helpers - null
17:30:47.623 [ApplicationImpl pooled thread 541] INFO  c.b.l.BrowserStackRunExtension - Agent path: null
17:33:37.531 [ApplicationImpl pooled thread 541] INFO  c.b.l.BrowserStackRunExtension - testng
17:33:37.531 [ApplicationImpl pooled thread 541] INFO  com.browserstack.utils.Helpers - null
17:33:37.533 [ApplicationImpl pooled thread 541] INFO  c.b.l.BrowserStackRunExtension - Agent path: null
17:41:12.747 [ApplicationImpl pooled thread 549] INFO  c.b.l.BrowserStackRunExtension - testng
17:41:12.748 [ApplicationImpl pooled thread 549] INFO  com.browserstack.utils.Helpers - null
17:41:12.748 [ApplicationImpl pooled thread 549] INFO  c.b.l.BrowserStackRunExtension - Agent path: null
17:46:13.176 [ApplicationImpl pooled thread 553] INFO  c.b.l.BrowserStackRunExtension - testng
17:46:13.176 [ApplicationImpl pooled thread 553] INFO  com.browserstack.utils.Helpers - null
17:46:13.178 [ApplicationImpl pooled thread 553] INFO  c.b.l.BrowserStackRunExtension - Agent path: null
17:52:17.664 [ApplicationImpl pooled thread 551] INFO  c.b.l.BrowserStackRunExtension - testng
17:52:17.665 [ApplicationImpl pooled thread 551] INFO  com.browserstack.utils.Helpers - null
17:52:17.667 [ApplicationImpl pooled thread 551] INFO  c.b.l.BrowserStackRunExtension - Agent path: null
17:54:13.768 [ApplicationImpl pooled thread 551] INFO  c.b.l.BrowserStackRunExtension - testng
17:54:13.768 [ApplicationImpl pooled thread 551] INFO  com.browserstack.utils.Helpers - null
17:54:13.768 [ApplicationImpl pooled thread 551] INFO  c.b.l.BrowserStackRunExtension - Agent path: null
18:44:37.001 [ApplicationImpl pooled thread 583] INFO  c.b.l.BrowserStackRunExtension - testng
18:44:37.001 [ApplicationImpl pooled thread 583] INFO  com.browserstack.utils.Helpers - null
18:44:37.002 [ApplicationImpl pooled thread 583] INFO  c.b.l.BrowserStackRunExtension - Agent path: null
18:47:20.785 [ApplicationImpl pooled thread 583] INFO  c.b.l.BrowserStackRunExtension - testng
18:47:20.785 [ApplicationImpl pooled thread 583] INFO  com.browserstack.utils.Helpers - null
18:47:20.787 [ApplicationImpl pooled thread 583] INFO  c.b.l.BrowserStackRunExtension - Agent path: null
11:02:57.930 [ApplicationImpl pooled thread 17] INFO  c.b.l.BrowserStackRunExtension - testng
11:02:57.932 [ApplicationImpl pooled thread 17] INFO  com.browserstack.utils.Helpers - null
11:02:57.932 [ApplicationImpl pooled thread 17] INFO  c.b.l.BrowserStackRunExtension - Agent path: null
13:33:00.696 [AWT-EventQueue-0] INFO  c.b.actions.DisableBrowserStack - Setting disable browserstack run update
13:33:00.696 [AWT-EventQueue-0] INFO  c.b.actions.EnableBrowserStack - Setting enable browserstack run update
13:33:22.591 [AWT-EventQueue-0] INFO  c.b.actions.DisableBrowserStack - Setting disable browserstack run update
13:33:22.597 [AWT-EventQueue-0] INFO  c.b.actions.EnableBrowserStack - Setting enable browserstack run update
13:40:17.221 [AWT-EventQueue-0] INFO  c.b.actions.DisableBrowserStack - Setting disable browserstack run update
13:40:17.226 [AWT-EventQueue-0] INFO  c.b.actions.EnableBrowserStack - Setting enable browserstack run update
13:45:43.802 [ApplicationImpl pooled thread 39] INFO  c.b.l.BrowserStackRunExtension - maven
13:45:43.802 [ApplicationImpl pooled thread 39] INFO  com.browserstack.utils.Helpers - null
14:09:15.880 [AWT-EventQueue-0] INFO  c.b.actions.DisableBrowserStack - Setting disable browserstack run update
14:09:15.884 [AWT-EventQueue-0] INFO  c.b.actions.EnableBrowserStack - Setting enable browserstack run update
17:55:56.639 [ApplicationImpl pooled thread 2] INFO  c.b.l.BrowserStackRunExtension - testng
17:55:56.639 [ApplicationImpl pooled thread 2] INFO  com.browserstack.utils.Helpers - null
17:55:56.639 [ApplicationImpl pooled thread 2] INFO  c.b.l.BrowserStackRunExtension - Agent path: null
